

--- Request at 2025-12-20T08:25:26.548Z ---
First Student Raw: {
  "_id": "693e4f12f43ccc5f3a0768f3",
  "name": "Akash",
  "email": "akashshenvi93@gmail.com",
  "guardianName": "Shenvi",
  "guardianPhone": "7411012630",
  "phoneNumber": "9632611390",
  "qualification": "Undergraduate",
  "dateOfBirth": "2004-07-20T00:00:00.000Z",
  "isProfileComplete": true,
  "id": "693e4f12f43ccc5f3a0768f3"
}


--- Request at 2025-12-20T08:25:26.565Z ---
First Student Raw: {
  "_id": "693e4f12f43ccc5f3a0768f3",
  "name": "Akash",
  "email": "akashshenvi93@gmail.com",
  "guardianName": "Shenvi",
  "guardianPhone": "7411012630",
  "phoneNumber": "9632611390",
  "qualification": "Undergraduate",
  "dateOfBirth": "2004-07-20T00:00:00.000Z",
  "isProfileComplete": true,
  "id": "693e4f12f43ccc5f3a0768f3"
}


--- Request at 2025-12-20T08:27:25.905Z ---
First Student Raw: {
  "_id": "693e4f12f43ccc5f3a0768f3",
  "name": "Akash",
  "email": "akashshenvi93@gmail.com",
  "guardianName": "Shenvi",
  "guardianPhone": "7411012630",
  "phoneNumber": "9632611390",
  "qualification": "Undergraduate",
  "dateOfBirth": "2004-07-20T00:00:00.000Z",
  "isProfileComplete": true,
  "id": "693e4f12f43ccc5f3a0768f3"
}


--- Request at 2025-12-20T08:27:25.925Z ---
First Student Raw: {
  "_id": "693e4f12f43ccc5f3a0768f3",
  "name": "Akash",
  "email": "akashshenvi93@gmail.com",
  "guardianName": "Shenvi",
  "guardianPhone": "7411012630",
  "phoneNumber": "9632611390",
  "qualification": "Undergraduate",
  "dateOfBirth": "2004-07-20T00:00:00.000Z",
  "isProfileComplete": true,
  "id": "693e4f12f43ccc5f3a0768f3"
}


--- Request at 2025-12-20T08:27:47.070Z ---
First Student Raw: {
  "_id": "693e4f12f43ccc5f3a0768f3",
  "name": "Akash",
  "email": "akashshenvi93@gmail.com",
  "guardianName": "Shenvi",
  "guardianPhone": "7411012630",
  "phoneNumber": "9632611390",
  "qualification": "Undergraduate",
  "dateOfBirth": "2004-07-20T00:00:00.000Z",
  "isProfileComplete": true,
  "id": "693e4f12f43ccc5f3a0768f3"
}


--- Request at 2025-12-20T08:27:47.083Z ---
First Student Raw: {
  "_id": "693e4f12f43ccc5f3a0768f3",
  "name": "Akash",
  "email": "akashshenvi93@gmail.com",
  "guardianName": "Shenvi",
  "guardianPhone": "7411012630",
  "phoneNumber": "9632611390",
  "qualification": "Undergraduate",
  "dateOfBirth": "2004-07-20T00:00:00.000Z",
  "isProfileComplete": true,
  "id": "693e4f12f43ccc5f3a0768f3"
}
